Traceback (most recent call last):
  File "C:\Users\Phiniqs\AppData\Local\Programs\Python\Python313\Lib\site-packages\jupyter_cache\executors\utils.py", line 58, in single_nb_execution
    executenb(
    ~~~~~~~~~^
        nb,
        ^^^
    ...<4 lines>...
        **kwargs,
        ^^^^^^^^^
    )
    ^
  File "C:\Users\Phiniqs\AppData\Local\Programs\Python\Python313\Lib\site-packages\nbclient\client.py", line 1305, in execute
    return NotebookClient(nb=nb, resources=resources, km=km, **kwargs).execute()
           ~~~~~~~~~~~~~~~~~~~~~~~~~~~~~~~~~~~~~~~~~~~~~~~~~~~~~~~~~~~~~~~~~~~^^
  File "C:\Users\Phiniqs\AppData\Local\Programs\Python\Python313\Lib\site-packages\jupyter_core\utils\__init__.py", line 165, in wrapped
    return loop.run_until_complete(inner)
           ~~~~~~~~~~~~~~~~~~~~~~~^^^^^^^
  File "C:\Users\Phiniqs\AppData\Local\Programs\Python\Python313\Lib\asyncio\base_events.py", line 725, in run_until_complete
    return future.result()
           ~~~~~~~~~~~~~^^
  File "C:\Users\Phiniqs\AppData\Local\Programs\Python\Python313\Lib\site-packages\nbclient\client.py", line 705, in async_execute
    await self.async_execute_cell(
        cell, index, execution_count=self.code_cells_executed + 1
    )
  File "C:\Users\Phiniqs\AppData\Local\Programs\Python\Python313\Lib\site-packages\nbclient\client.py", line 1058, in async_execute_cell
    await self._check_raise_for_error(cell, cell_index, exec_reply)
  File "C:\Users\Phiniqs\AppData\Local\Programs\Python\Python313\Lib\site-packages\nbclient\client.py", line 914, in _check_raise_for_error
    raise CellExecutionError.from_cell_and_msg(cell, exec_reply_content)
nbclient.exceptions.CellExecutionError: An error occurred while executing the following cell:
------------------
import pandas as pd
import matplotlib.pyplot as plt
import numpy as np

from pysip.regressors import Regressor
from pysip.statespace import Matern32, Matern52, Periodic
from pysip.params.prior import Gamma, LogNormal
import arviz as az
------------------


[1;31m---------------------------------------------------[0m
[1;31mModuleNotFoundError[0mTraceback (most recent call last)
Cell [1;32mIn[1], line 5[0m
[0;32m      2[0m [38;5;28;01mimport[39;00m[38;5;250m [39m[38;5;21;01mmatplotlib[39;00m[38;5;21;01m.[39;00m[38;5;21;01mpyplot[39;00m[38;5;250m [39m[38;5;28;01mas[39;00m[38;5;250m [39m[38;5;21;01mplt[39;00m
[0;32m      3[0m [38;5;28;01mimport[39;00m[38;5;250m [39m[38;5;21;01mnumpy[39;00m[38;5;250m [39m[38;5;28;01mas[39;00m[38;5;250m [39m[38;5;21;01mnp[39;00m
[1;32m----> 5[0m [38;5;28;01mfrom[39;00m[38;5;250m [39m[38;5;21;01mpysip[39;00m[38;5;21;01m.[39;00m[38;5;21;01mregressors[39;00m[38;5;250m [39m[38;5;28;01mimport[39;00m Regressor
[0;32m      6[0m [38;5;28;01mfrom[39;00m[38;5;250m [39m[38;5;21;01mpysip[39;00m[38;5;21;01m.[39;00m[38;5;21;01mstatespace[39;00m[38;5;250m [39m[38;5;28;01mimport[39;00m Matern32, Matern52, Periodic
[0;32m      7[0m [38;5;28;01mfrom[39;00m[38;5;250m [39m[38;5;21;01mpysip[39;00m[38;5;21;01m.[39;00m[38;5;21;01mparams[39;00m[38;5;21;01m.[39;00m[38;5;21;01mprior[39;00m[38;5;250m [39m[38;5;28;01mimport[39;00m Gamma, LogNormal

[1;31mModuleNotFoundError[0m: No module named 'pysip'

